23:07:38 **** Incremental Build of configuration Debug for project Lab_assignment4 ****
make -j20 all 
arm-none-eabi-gcc "../Core/Src/24l01.c" -mcpu=cortex-m3 -std=gnu11 -g3 -DDEBUG -DUSE_HAL_DRIVER -DSTM32F103xE -c -I../Core/Inc -I../Drivers/STM32F1xx_HAL_Driver/Inc/Legacy -I../Drivers/STM32F1xx_HAL_Driver/Inc -I../Drivers/CMSIS/Device/ST/STM32F1xx/Include -I../Drivers/CMSIS/Include -O0 -ffunction-sections -fdata-sections -Wall -fstack-usage -fcyclomatic-complexity -MMD -MP -MF"Core/Src/24l01.d" -MT"Core/Src/24l01.o" --specs=nano.specs -mfloat-abi=soft -mthumb -o "Core/Src/24l01.o"
arm-none-eabi-gcc "../Core/Src/gt9147.c" -mcpu=cortex-m3 -std=gnu11 -g3 -DDEBUG -DUSE_HAL_DRIVER -DSTM32F103xE -c -I../Core/Inc -I../Drivers/STM32F1xx_HAL_Driver/Inc/Legacy -I../Drivers/STM32F1xx_HAL_Driver/Inc -I../Drivers/CMSIS/Device/ST/STM32F1xx/Include -I../Drivers/CMSIS/Include -O0 -ffunction-sections -fdata-sections -Wall -fstack-usage -fcyclomatic-complexity -MMD -MP -MF"Core/Src/gt9147.d" -MT"Core/Src/gt9147.o" --specs=nano.specs -mfloat-abi=soft -mthumb -o "Core/Src/gt9147.o"
arm-none-eabi-gcc "../Core/Src/lcd.c" -mcpu=cortex-m3 -std=gnu11 -g3 -DDEBUG -DUSE_HAL_DRIVER -DSTM32F103xE -c -I../Core/Inc -I../Drivers/STM32F1xx_HAL_Driver/Inc/Legacy -I../Drivers/STM32F1xx_HAL_Driver/Inc -I../Drivers/CMSIS/Device/ST/STM32F1xx/Include -I../Drivers/CMSIS/Include -O0 -ffunction-sections -fdata-sections -Wall -fstack-usage -fcyclomatic-complexity -MMD -MP -MF"Core/Src/lcd.d" -MT"Core/Src/lcd.o" --specs=nano.specs -mfloat-abi=soft -mthumb -o "Core/Src/lcd.o"
arm-none-eabi-gcc "../Core/Src/led.c" -mcpu=cortex-m3 -std=gnu11 -g3 -DDEBUG -DUSE_HAL_DRIVER -DSTM32F103xE -c -I../Core/Inc -I../Drivers/STM32F1xx_HAL_Driver/Inc/Legacy -I../Drivers/STM32F1xx_HAL_Driver/Inc -I../Drivers/CMSIS/Device/ST/STM32F1xx/Include -I../Drivers/CMSIS/Include -O0 -ffunction-sections -fdata-sections -Wall -fstack-usage -fcyclomatic-complexity -MMD -MP -MF"Core/Src/led.d" -MT"Core/Src/led.o" --specs=nano.specs -mfloat-abi=soft -mthumb -o "Core/Src/led.o"
arm-none-eabi-gcc "../Core/Src/ott2001a.c" -mcpu=cortex-m3 -std=gnu11 -g3 -DDEBUG -DUSE_HAL_DRIVER -DSTM32F103xE -c -I../Core/Inc -I../Drivers/STM32F1xx_HAL_Driver/Inc/Legacy -I../Drivers/STM32F1xx_HAL_Driver/Inc -I../Drivers/CMSIS/Device/ST/STM32F1xx/Include -I../Drivers/CMSIS/Include -O0 -ffunction-sections -fdata-sections -Wall -fstack-usage -fcyclomatic-complexity -MMD -MP -MF"Core/Src/ott2001a.d" -MT"Core/Src/ott2001a.o" --specs=nano.specs -mfloat-abi=soft -mthumb -o "Core/Src/ott2001a.o"
arm-none-eabi-gcc "../Core/Src/spi.c" -mcpu=cortex-m3 -std=gnu11 -g3 -DDEBUG -DUSE_HAL_DRIVER -DSTM32F103xE -c -I../Core/Inc -I../Drivers/STM32F1xx_HAL_Driver/Inc/Legacy -I../Drivers/STM32F1xx_HAL_Driver/Inc -I../Drivers/CMSIS/Device/ST/STM32F1xx/Include -I../Drivers/CMSIS/Include -O0 -ffunction-sections -fdata-sections -Wall -fstack-usage -fcyclomatic-complexity -MMD -MP -MF"Core/Src/spi.d" -MT"Core/Src/spi.o" --specs=nano.specs -mfloat-abi=soft -mthumb -o "Core/Src/spi.o"
arm-none-eabi-gcc "../Core/Src/stm32f1xx_hal_msp.c" -mcpu=cortex-m3 -std=gnu11 -g3 -DDEBUG -DUSE_HAL_DRIVER -DSTM32F103xE -c -I../Core/Inc -I../Drivers/STM32F1xx_HAL_Driver/Inc/Legacy -I../Drivers/STM32F1xx_HAL_Driver/Inc -I../Drivers/CMSIS/Device/ST/STM32F1xx/Include -I../Drivers/CMSIS/Include -O0 -ffunction-sections -fdata-sections -Wall -fstack-usage -fcyclomatic-complexity -MMD -MP -MF"Core/Src/stm32f1xx_hal_msp.d" -MT"Core/Src/stm32f1xx_hal_msp.o" --specs=nano.specs -mfloat-abi=soft -mthumb -o "Core/Src/stm32f1xx_hal_msp.o"
../Core/Src/lcd.c:1:10: fatal error: lcd.h: No such file or directory
    1 | #include "lcd.h"
      |          ^~~~~~~
compilation terminated.
arm-none-eabi-gcc "../Core/Src/stm32f1xx_it.c" -mcpu=cortex-m3 -std=gnu11 -g3 -DDEBUG -DUSE_HAL_DRIVER -DSTM32F103xE -c -I../Core/Inc -I../Drivers/STM32F1xx_HAL_Driver/Inc/Legacy -I../Drivers/STM32F1xx_HAL_Driver/Inc -I../Drivers/CMSIS/Device/ST/STM32F1xx/Include -I../Drivers/CMSIS/Include -O0 -ffunction-sections -fdata-sections -Wall -fstack-usage -fcyclomatic-complexity -MMD -MP -MF"Core/Src/stm32f1xx_it.d" -MT"Core/Src/stm32f1xx_it.o" --specs=nano.specs -mfloat-abi=soft -mthumb -o "Core/Src/stm32f1xx_it.o"
In file included from ../Core/Src/24l01.c:2:
../Core/Inc/spi.h:17:8: error: unknown type name 'SPI_HandleTypeDef'
   17 | extern SPI_HandleTypeDef SPI1_Handler;  //SPI¾ä±ú
      |        ^~~~~~~~~~~~~~~~~
../Core/Src/led.c:1:10: fatal error: led.h: No such file or directory
    1 | #include "led.h"
      |          ^~~~~~~
compilation terminated.
../Core/Src/24l01.c: In function 'NRF24L01_SPI_Init':
../Core/Src/24l01.c:23:5: warning: implicit declaration of function '__HAL_SPI_DISABLE' [-Wimplicit-function-declaration]
   23 |     __HAL_SPI_DISABLE(&SPI1_Handler);               //ï¿½È¹Ø±ï¿½SPI1
      |     ^~~~~~~~~~~~~~~~~
../Core/Src/24l01.c:24:17: error: request for member 'Init' in something not a structure or union
   24 |     SPI1_Handler.Init.CLKPolarity=SPI_POLARITY_LOW; //ï¿½ï¿½ï¿½ï¿½Í¬ï¿½ï¿½Ê±ï¿½ÓµÄ¿ï¿½ï¿½ï¿½×´Ì¬Îªï¿½Íµï¿½Æ½
      |                 ^
make: *** [Core/Src/subdir.mk:82: Core/Src/lcd.o] Error 1
make: *** Waiting for unfinished jobs....
make: *** [Core/Src/subdir.mk:82: Core/Src/led.o] Error 1
../Core/Src/24l01.c:24:35: error: 'SPI_POLARITY_LOW' undeclared (first use in this function); did you mean 'TIM_OCPOLARITY_LOW'?
   24 |     SPI1_Handler.Init.CLKPolarity=SPI_POLARITY_LOW; //ï¿½ï¿½ï¿½ï¿½Í¬ï¿½ï¿½Ê±ï¿½ÓµÄ¿ï¿½ï¿½ï¿½×´Ì¬Îªï¿½Íµï¿½Æ½
      |                                   ^~~~~~~~~~~~~~~~
      |                                   TIM_OCPOLARITY_LOW
../Core/Src/24l01.c:24:35: note: each undeclared identifier is reported only once for each function it appears in
../Core/Src/24l01.c:25:17: error: request for member 'Init' in something not a structure or union
   25 |     SPI1_Handler.Init.CLKPhase=SPI_PHASE_1EDGE;     //ï¿½ï¿½ï¿½ï¿½Í¬ï¿½ï¿½Ê±ï¿½ÓµÄµï¿½1ï¿½ï¿½ï¿½ï¿½ï¿½ï¿½ï¿½Ø£ï¿½ï¿½ï¿½ï¿½ï¿½ï¿½ï¿½ï¿½Â½ï¿½ï¿½ï¿½ï¿½ï¿½ï¿½Ý±ï¿½ï¿½ï¿½ï¿½ï¿½
      |                 ^
../Core/Src/24l01.c:25:32: error: 'SPI_PHASE_1EDGE' undeclared (first use in this function)
   25 |     SPI1_Handler.Init.CLKPhase=SPI_PHASE_1EDGE;     //ï¿½ï¿½ï¿½ï¿½Í¬ï¿½ï¿½Ê±ï¿½ÓµÄµï¿½1ï¿½ï¿½ï¿½ï¿½ï¿½ï¿½ï¿½Ø£ï¿½ï¿½ï¿½ï¿½ï¿½ï¿½ï¿½ï¿½Â½ï¿½ï¿½ï¿½ï¿½ï¿½ï¿½Ý±ï¿½ï¿½ï¿½ï¿½ï¿½
      |                                ^~~~~~~~~~~~~~~
../Core/Src/24l01.c:26:5: warning: implicit declaration of function 'HAL_SPI_Init'; did you mean 'HAL_GPIO_Init'? [-Wimplicit-function-declaration]
   26 |     HAL_SPI_Init(&SPI1_Handler);
      |     ^~~~~~~~~~~~
      |     HAL_GPIO_Init
../Core/Src/24l01.c:27:5: warning: implicit declaration of function '__HAL_SPI_ENABLE' [-Wimplicit-function-declaration]
   27 |     __HAL_SPI_ENABLE(&SPI1_Handler);                //Ê¹ï¿½ï¿½SPI1
      |     ^~~~~~~~~~~~~~~~
../Core/Src/24l01.c: In function 'NRF24L01_Check':
../Core/Src/24l01.c:69:23: error: 'SPI_BAUDRATEPRESCALER_8' undeclared (first use in this function)
   69 |         SPI1_SetSpeed(SPI_BAUDRATEPRESCALER_8); //spiï¿½Ù¶ï¿½Îª10.5Mhzï¿½ï¿½ï¿½ï¿½24L01ï¿½ï¿½ï¿½ï¿½ï¿½SPIÊ±ï¿½ï¿½Îª10Mhz,ï¿½ï¿½ï¿½ï¿½ï¿½Ò»ï¿½ï¿½Ã»ï¿½ï¿½Ïµï¿½ï¿?
      |                       ^~~~~~~~~~~~~~~~~~~~~~~
../Core/Src/gt9147.c:7:10: fatal error: lcd.h: No such file or directory
    7 | #include "lcd.h"
      |          ^~~~~~~
compilation terminated.
../Core/Src/24l01.c: In function 'NRF24L01_TxPacket':
../Core/Src/24l01.c:133:23: error: 'SPI_BAUDRATEPRESCALER_8' undeclared (first use in this function)
  133 |         SPI1_SetSpeed(SPI_BAUDRATEPRESCALER_8); //spiï¿½Ù¶ï¿½Îª6.75Mhzï¿½ï¿½24L01ï¿½ï¿½ï¿½ï¿½ï¿½SPIÊ±ï¿½ï¿½Îª10Mhzï¿½ï¿½
      |                       ^~~~~~~~~~~~~~~~~~~~~~~
make: *** [Core/Src/subdir.mk:82: Core/Src/gt9147.o] Error 1
../Core/Src/24l01.c: In function 'NRF24L01_RxPacket':
../Core/Src/24l01.c:157:23: error: 'SPI_BAUDRATEPRESCALER_8' undeclared (first use in this function)
  157 |         SPI1_SetSpeed(SPI_BAUDRATEPRESCALER_8); //spiï¿½Ù¶ï¿½Îª6.75Mhzï¿½ï¿½24L01ï¿½ï¿½ï¿½ï¿½ï¿½SPIÊ±ï¿½ï¿½Îª10Mhzï¿½ï¿½
      |                       ^~~~~~~~~~~~~~~~~~~~~~~
../Core/Src/ott2001a.c: In function 'OTT2001A_Init':
../Core/Src/ott2001a.c:104:9: warning: implicit declaration of function 'printf' [-Wimplicit-function-declaration]
  104 |         printf("CTP ID:%x\r\n",regval);
      |         ^~~~~~
../Core/Src/ott2001a.c:6:1: note: include '<stdio.h>' or provide a declaration of 'printf'
    5 | #include "delay.h"
  +++ |+#include <stdio.h>
    6 | //////////////////////////////////////////////////////////////////////////////////
../Core/Src/ott2001a.c:104:9: warning: incompatible implicit declaration of built-in function 'printf' [-Wbuiltin-declaration-mismatch]
  104 |         printf("CTP ID:%x\r\n",regval);
      |         ^~~~~~
../Core/Src/ott2001a.c:104:9: note: include '<stdio.h>' or provide a declaration of 'printf'
make: *** [Core/Src/subdir.mk:82: Core/Src/24l01.o] Error 1
In file included from ../Core/Src/spi.c:1:
../Core/Inc/spi.h:17:8: error: unknown type name 'SPI_HandleTypeDef'
   17 | extern SPI_HandleTypeDef SPI1_Handler;  //SPI¾ä±ú
      |        ^~~~~~~~~~~~~~~~~
../Core/Src/spi.c:15:1: error: unknown type name 'SPI_HandleTypeDef'; did you mean 'TIM_HandleTypeDef'?
   15 | SPI_HandleTypeDef SPI1_Handler;  //SPI1ï¿½ï¿½ï¿?
      | ^~~~~~~~~~~~~~~~~
      | TIM_HandleTypeDef
../Core/Src/spi.c: In function 'SPI1_Init':
../Core/Src/spi.c:22:17: error: request for member 'Instance' in something not a structure or union
   22 |     SPI1_Handler.Instance=SPI1;                         //SPI1
      |                 ^
../Core/Src/spi.c:23:17: error: request for member 'Init' in something not a structure or union
   23 |     SPI1_Handler.Init.Mode=SPI_MODE_MASTER;             //ï¿½ï¿½ï¿½ï¿½SPIï¿½ï¿½ï¿½ï¿½Ä£Ê½ï¿½ï¿½ï¿½ï¿½ï¿½ï¿½Îªï¿½ï¿½Ä£Ê½
      |                 ^
../Core/Src/spi.c:23:28: error: 'SPI_MODE_MASTER' undeclared (first use in this function)
   23 |     SPI1_Handler.Init.Mode=SPI_MODE_MASTER;             //ï¿½ï¿½ï¿½ï¿½SPIï¿½ï¿½ï¿½ï¿½Ä£Ê½ï¿½ï¿½ï¿½ï¿½ï¿½ï¿½Îªï¿½ï¿½Ä£Ê½
      |                            ^~~~~~~~~~~~~~~
../Core/Src/spi.c:23:28: note: each undeclared identifier is reported only once for each function it appears in
../Core/Src/spi.c:24:17: error: request for member 'Init' in something not a structure or union
   24 |     SPI1_Handler.Init.Direction=SPI_DIRECTION_2LINES;   //ï¿½ï¿½ï¿½ï¿½SPIï¿½ï¿½ï¿½ï¿½ï¿½ï¿½ï¿½Ë«ï¿½ï¿½ï¿½ï¿½ï¿½ï¿½ï¿½Ä£Ê½:SPIï¿½ï¿½ï¿½ï¿½ÎªË«ï¿½ï¿½Ä£Ê½
      |                 ^
../Core/Src/spi.c:24:33: error: 'SPI_DIRECTION_2LINES' undeclared (first use in this function)
   24 |     SPI1_Handler.Init.Direction=SPI_DIRECTION_2LINES;   //ï¿½ï¿½ï¿½ï¿½SPIï¿½ï¿½ï¿½ï¿½ï¿½ï¿½ï¿½Ë«ï¿½ï¿½ï¿½ï¿½ï¿½ï¿½ï¿½Ä£Ê½:SPIï¿½ï¿½ï¿½ï¿½ÎªË«ï¿½ï¿½Ä£Ê½
      |                                 ^~~~~~~~~~~~~~~~~~~~
../Core/Src/spi.c:25:17: error: request for member 'Init' in something not a structure or union
   25 |     SPI1_Handler.Init.DataSize=SPI_DATASIZE_8BIT;       //ï¿½ï¿½ï¿½ï¿½SPIï¿½ï¿½ï¿½ï¿½ï¿½Ý´ï¿½Ð¡:SPIï¿½ï¿½ï¿½Í½ï¿½ï¿½ï¿½8Î»Ö¡ï¿½á¹¹
      |                 ^
../Core/Src/spi.c:25:32: error: 'SPI_DATASIZE_8BIT' undeclared (first use in this function)
   25 |     SPI1_Handler.Init.DataSize=SPI_DATASIZE_8BIT;       //ï¿½ï¿½ï¿½ï¿½SPIï¿½ï¿½ï¿½ï¿½ï¿½Ý´ï¿½Ð¡:SPIï¿½ï¿½ï¿½Í½ï¿½ï¿½ï¿½8Î»Ö¡ï¿½á¹¹
      |                                ^~~~~~~~~~~~~~~~~
../Core/Src/spi.c:26:17: error: request for member 'Init' in something not a structure or union
   26 |     SPI1_Handler.Init.CLKPolarity=SPI_POLARITY_HIGH;    //ï¿½ï¿½ï¿½ï¿½Í¬ï¿½ï¿½Ê±ï¿½ÓµÄ¿ï¿½ï¿½ï¿½×´Ì¬Îªï¿½ßµï¿½Æ½
      |                 ^
../Core/Src/spi.c:26:35: error: 'SPI_POLARITY_HIGH' undeclared (first use in this function); did you mean 'TIM_OCPOLARITY_HIGH'?
   26 |     SPI1_Handler.Init.CLKPolarity=SPI_POLARITY_HIGH;    //ï¿½ï¿½ï¿½ï¿½Í¬ï¿½ï¿½Ê±ï¿½ÓµÄ¿ï¿½ï¿½ï¿½×´Ì¬Îªï¿½ßµï¿½Æ½
      |                                   ^~~~~~~~~~~~~~~~~
      |                                   TIM_OCPOLARITY_HIGH
../Core/Src/spi.c:27:17: error: request for member 'Init' in something not a structure or union
   27 |     SPI1_Handler.Init.CLKPhase=SPI_PHASE_2EDGE;         //ï¿½ï¿½ï¿½ï¿½Í¬ï¿½ï¿½Ê±ï¿½ÓµÄµÚ¶ï¿½ï¿½ï¿½ï¿½ï¿½ï¿½ï¿½ï¿½Ø£ï¿½ï¿½ï¿½ï¿½ï¿½ï¿½ï¿½ï¿½Â½ï¿½ï¿½ï¿½ï¿½ï¿½ï¿½Ý±ï¿½ï¿½ï¿½ï¿½ï¿½
      |                 ^
../Core/Src/spi.c:27:32: error: 'SPI_PHASE_2EDGE' undeclared (first use in this function)
   27 |     SPI1_Handler.Init.CLKPhase=SPI_PHASE_2EDGE;         //ï¿½ï¿½ï¿½ï¿½Í¬ï¿½ï¿½Ê±ï¿½ÓµÄµÚ¶ï¿½ï¿½ï¿½ï¿½ï¿½ï¿½ï¿½ï¿½Ø£ï¿½ï¿½ï¿½ï¿½ï¿½ï¿½ï¿½ï¿½Â½ï¿½ï¿½ï¿½ï¿½ï¿½ï¿½Ý±ï¿½ï¿½ï¿½ï¿½ï¿½
      |                                ^~~~~~~~~~~~~~~
../Core/Src/spi.c:28:17: error: request for member 'Init' in something not a structure or union
   28 |     SPI1_Handler.Init.NSS=SPI_NSS_SOFT;                 //NSSï¿½Åºï¿½ï¿½ï¿½Ó²ï¿½ï¿½ï¿½ï¿½NSSï¿½Ü½Å£ï¿½ï¿½ï¿½ï¿½ï¿½ï¿½ï¿½ï¿½ï¿½ï¿½Ê¹ï¿½ï¿½SSIÎ»ï¿½ï¿½ï¿½ï¿½ï¿½ï¿½:ï¿½Ú²ï¿½NSSï¿½Åºï¿½ï¿½ï¿½SSIÎ»ï¿½ï¿½ï¿½ï¿½
      |                 ^
../Core/Src/spi.c:28:27: error: 'SPI_NSS_SOFT' undeclared (first use in this function)
   28 |     SPI1_Handler.Init.NSS=SPI_NSS_SOFT;                 //NSSï¿½Åºï¿½ï¿½ï¿½Ó²ï¿½ï¿½ï¿½ï¿½NSSï¿½Ü½Å£ï¿½ï¿½ï¿½ï¿½ï¿½ï¿½ï¿½ï¿½ï¿½ï¿½Ê¹ï¿½ï¿½SSIÎ»ï¿½ï¿½ï¿½ï¿½ï¿½ï¿½:ï¿½Ú²ï¿½NSSï¿½Åºï¿½ï¿½ï¿½SSIÎ»ï¿½ï¿½ï¿½ï¿½
      |                           ^~~~~~~~~~~~
../Core/Src/spi.c:29:17: error: request for member 'Init' in something not a structure or union
   29 |     SPI1_Handler.Init.BaudRatePrescaler=SPI_BAUDRATEPRESCALER_256;//ï¿½ï¿½ï¿½å²¨ï¿½ï¿½ï¿½ï¿½Ô¤ï¿½ï¿½Æµï¿½ï¿½Öµ:ï¿½ï¿½ï¿½ï¿½ï¿½ï¿½Ô¤ï¿½ï¿½ÆµÖµÎª256
      |                 ^
../Core/Src/spi.c:29:41: error: 'SPI_BAUDRATEPRESCALER_256' undeclared (first use in this function)
   29 |     SPI1_Handler.Init.BaudRatePrescaler=SPI_BAUDRATEPRESCALER_256;//ï¿½ï¿½ï¿½å²¨ï¿½ï¿½ï¿½ï¿½Ô¤ï¿½ï¿½Æµï¿½ï¿½Öµ:ï¿½ï¿½ï¿½ï¿½ï¿½ï¿½Ô¤ï¿½ï¿½ÆµÖµÎª256
      |                                         ^~~~~~~~~~~~~~~~~~~~~~~~~
../Core/Src/spi.c:30:17: error: request for member 'Init' in something not a structure or union
   30 |     SPI1_Handler.Init.FirstBit=SPI_FIRSTBIT_MSB;        //Ö¸ï¿½ï¿½ï¿½ï¿½ï¿½Ý´ï¿½ï¿½ï¿½ï¿½MSBÎ»ï¿½ï¿½ï¿½ï¿½LSBÎ»ï¿½ï¿½Ê¼:ï¿½ï¿½ï¿½Ý´ï¿½ï¿½ï¿½ï¿½MSBÎ»ï¿½ï¿½Ê¼
      |                 ^
../Core/Src/spi.c:30:32: error: 'SPI_FIRSTBIT_MSB' undeclared (first use in this function)
   30 |     SPI1_Handler.Init.FirstBit=SPI_FIRSTBIT_MSB;        //Ö¸ï¿½ï¿½ï¿½ï¿½ï¿½Ý´ï¿½ï¿½ï¿½ï¿½MSBÎ»ï¿½ï¿½ï¿½ï¿½LSBÎ»ï¿½ï¿½Ê¼:ï¿½ï¿½ï¿½Ý´ï¿½ï¿½ï¿½ï¿½MSBÎ»ï¿½ï¿½Ê¼
      |                                ^~~~~~~~~~~~~~~~
../Core/Src/spi.c:31:17: error: request for member 'Init' in something not a structure or union
   31 |     SPI1_Handler.Init.TIMode=SPI_TIMODE_DISABLE;        //ï¿½Ø±ï¿½TIÄ£Ê½
      |                 ^
../Core/Src/spi.c:31:30: error: 'SPI_TIMODE_DISABLE' undeclared (first use in this function); did you mean 'SPI_TIMODE_DISABLED'?
   31 |     SPI1_Handler.Init.TIMode=SPI_TIMODE_DISABLE;        //ï¿½Ø±ï¿½TIÄ£Ê½
      |                              ^~~~~~~~~~~~~~~~~~
      |                              SPI_TIMODE_DISABLED
../Core/Src/spi.c:32:17: error: request for member 'Init' in something not a structure or union
   32 |     SPI1_Handler.Init.CRCCalculation=SPI_CRCCALCULATION_DISABLE;//ï¿½Ø±ï¿½Ó²ï¿½ï¿½CRCÐ£ï¿½ï¿½
      |                 ^
../Core/Src/spi.c:32:38: error: 'SPI_CRCCALCULATION_DISABLE' undeclared (first use in this function); did you mean 'SPI_CRCCALCULATION_DISABLED'?
   32 |     SPI1_Handler.Init.CRCCalculation=SPI_CRCCALCULATION_DISABLE;//ï¿½Ø±ï¿½Ó²ï¿½ï¿½CRCÐ£ï¿½ï¿½
      |                                      ^~~~~~~~~~~~~~~~~~~~~~~~~~
      |                                      SPI_CRCCALCULATION_DISABLED
../Core/Src/spi.c:33:17: error: request for member 'Init' in something not a structure or union
   33 |     SPI1_Handler.Init.CRCPolynomial=7;                  //CRCÖµï¿½ï¿½ï¿½ï¿½Ä¶ï¿½ï¿½ï¿½Ê?
      |                 ^
../Core/Src/spi.c:34:5: warning: implicit declaration of function 'HAL_SPI_Init'; did you mean 'HAL_GPIO_Init'? [-Wimplicit-function-declaration]
   34 |     HAL_SPI_Init(&SPI1_Handler);//ï¿½ï¿½Ê¼ï¿½ï¿½
      |     ^~~~~~~~~~~~
      |     HAL_GPIO_Init
../Core/Src/spi.c:36:5: warning: implicit declaration of function '__HAL_SPI_ENABLE' [-Wimplicit-function-declaration]
   36 |     __HAL_SPI_ENABLE(&SPI1_Handler);                    //Ê¹ï¿½ï¿½SPI1
      |     ^~~~~~~~~~~~~~~~
../Core/Src/spi.c: In function 'SPI1_SetSpeed':
../Core/Src/spi.c:66:5: warning: implicit declaration of function '__HAL_SPI_DISABLE' [-Wimplicit-function-declaration]
   66 |     __HAL_SPI_DISABLE(&SPI1_Handler);            //ï¿½Ø±ï¿½SPI
      |     ^~~~~~~~~~~~~~~~~
../Core/Src/spi.c:67:17: error: request for member 'Instance' in something not a structure or union
   67 |     SPI1_Handler.Instance->CR1&=0XFFC7;          //Î»3-5ï¿½ï¿½ï¿½ã£¬ï¿½ï¿½ï¿½ï¿½ï¿½ï¿½ï¿½Ã²ï¿½ï¿½ï¿½ï¿½ï¿½
      |                 ^
../Core/Src/spi.c:68:17: error: request for member 'Instance' in something not a structure or union
   68 |     SPI1_Handler.Instance->CR1|=SPI_BaudRatePrescaler;//ï¿½ï¿½ï¿½ï¿½SPIï¿½Ù¶ï¿½
      |                 ^
../Core/Src/spi.c: In function 'SPI1_ReadWriteByte':
../Core/Src/spi.c:79:5: warning: implicit declaration of function 'HAL_SPI_TransmitReceive' [-Wimplicit-function-declaration]
   79 |     HAL_SPI_TransmitReceive(&SPI1_Handler,&TxData,&Rxdata,1, 1000);
      |     ^~~~~~~~~~~~~~~~~~~~~~~
make: *** [Core/Src/subdir.mk:82: Core/Src/spi.o] Error 1
"make -j20 all" terminated with exit code 2. Build might be incomplete.

23:07:39 Build Failed. 43 errors, 9 warnings. (took 962ms)

